<?xml version="1.0" encoding="UTF-8"?>
<!-- Generated by org.testng.reporters.JUnitXMLReporter -->
<testsuite ignored="0" hostname="NavyaN2" failures="1" tests="1" name="mq1" time="17.626" errors="0" timestamp="2021-10-20T17:11:54 IST">
  <testcase classname="com.mq.testcases.LoginTestCase" name="loginTest" time="6.465">
    <failure type="java.lang.AssertionError" message="expected [true] but found [false]">
      <![CDATA[java.lang.AssertionError: expected [true] but found [false]
at com.mq.testcases.LoginTestCase.loginTest(LoginTestCase.java:29)
at java.base/java.util.ArrayList.forEach(ArrayList.java:1511)
... Removed 31 stack frames]]>
    </failure>
  </testcase> <!-- loginTest -->
</testsuite> <!-- mq1 -->
