<?xml version="1.0" encoding="UTF-8"?>
<testng-results ignored="0" total="1" passed="1" failed="0" skipped="0">
  <reporter-output>
  </reporter-output>
  <suite started-at="2021-11-02T18:08:17 IST" name="MQ" finished-at="2021-11-02T18:12:54 IST" duration-ms="276338">
    <groups>
    </groups>
    <test started-at="2021-11-02T18:08:17 IST" name="mq1" finished-at="2021-11-02T18:12:54 IST" duration-ms="276338">
      <class name="com.mq.testcases.ServiceOrderTC">
        <test-method is-config="true" signature="setup(java.lang.String)[pri:0, instance:com.mq.testcases.ServiceOrderTC@e1de817]" started-at="2021-11-02T18:08:18 IST" name="setup" finished-at="2021-11-02T18:08:45 IST" duration-ms="26922" status="PASS">
          <params>
            <param index="0">
              <value>
                <![CDATA[chrome]]>
              </value>
            </param>
          </params>
          <reporter-output>
          </reporter-output>
        </test-method> <!-- setup -->
        <test-method signature="order()[pri:0, instance:com.mq.testcases.ServiceOrderTC@e1de817]" started-at="2021-11-02T18:08:45 IST" name="order" finished-at="2021-11-02T18:12:54 IST" duration-ms="249105" status="PASS">
          <reporter-output>
          </reporter-output>
        </test-method> <!-- order -->
      </class> <!-- com.mq.testcases.ServiceOrderTC -->
    </test> <!-- mq1 -->
  </suite> <!-- MQ -->
</testng-results>
