<?xml version="1.0" encoding="UTF-8"?>
<testng-results ignored="0" total="1" passed="1" failed="0" skipped="0">
  <reporter-output>
  </reporter-output>
  <suite started-at="2021-09-15T12:03:49 IST" name="MQ" finished-at="2021-09-15T12:04:08 IST" duration-ms="18776">
    <groups>
    </groups>
    <test started-at="2021-09-15T12:03:49 IST" name="mq1" finished-at="2021-09-15T12:04:08 IST" duration-ms="18776">
      <class name="com.mq.testcases.LoginTestCase">
        <test-method is-config="true" signature="setup(java.lang.String)[pri:0, instance:com.mq.testcases.LoginTestCase@6e0f5f7f]" started-at="2021-09-15T12:03:49 IST" name="setup" finished-at="2021-09-15T12:04:04 IST" duration-ms="15295" status="PASS">
          <params>
            <param index="0">
              <value>
                <![CDATA[chrome]]>
              </value>
            </param>
          </params>
          <reporter-output>
          </reporter-output>
        </test-method> <!-- setup -->
        <test-method signature="loginTest()[pri:0, instance:com.mq.testcases.LoginTestCase@6e0f5f7f]" started-at="2021-09-15T12:04:04 IST" name="loginTest" finished-at="2021-09-15T12:04:08 IST" duration-ms="3449" status="PASS">
          <reporter-output>
          </reporter-output>
        </test-method> <!-- loginTest -->
      </class> <!-- com.mq.testcases.LoginTestCase -->
    </test> <!-- mq1 -->
  </suite> <!-- MQ -->
</testng-results>
