<?xml version="1.0" encoding="UTF-8"?>
<testng-results ignored="0" total="1" passed="1" failed="0" skipped="0">
  <reporter-output>
  </reporter-output>
  <suite started-at="2021-10-29T17:39:22 IST" name="MQ" finished-at="2021-10-29T17:43:28 IST" duration-ms="245328">
    <groups>
    </groups>
    <test started-at="2021-10-29T17:39:22 IST" name="mq1" finished-at="2021-10-29T17:43:28 IST" duration-ms="245328">
      <class name="com.mq.testcases.ServiceOrderTC">
        <test-method is-config="true" signature="setup(java.lang.String)[pri:0, instance:com.mq.testcases.ServiceOrderTC@7d0b7e3c]" started-at="2021-10-29T17:39:22 IST" name="setup" finished-at="2021-10-29T17:39:31 IST" duration-ms="8721" status="PASS">
          <params>
            <param index="0">
              <value>
                <![CDATA[chrome]]>
              </value>
            </param>
          </params>
          <reporter-output>
          </reporter-output>
        </test-method> <!-- setup -->
        <test-method signature="order()[pri:0, instance:com.mq.testcases.ServiceOrderTC@7d0b7e3c]" started-at="2021-10-29T17:39:31 IST" name="order" finished-at="2021-10-29T17:43:28 IST" duration-ms="236308" status="PASS">
          <reporter-output>
          </reporter-output>
        </test-method> <!-- order -->
      </class> <!-- com.mq.testcases.ServiceOrderTC -->
    </test> <!-- mq1 -->
  </suite> <!-- MQ -->
</testng-results>
